<?xml version="1.0" encoding="UTF-8"?>
<!-- Generated by org.testng.reporters.JUnitXMLReporter -->
<testsuite hostname="Razin-Anik" name="Release 3.5" tests="6" failures="0" timestamp="12 Jul 2020 15:57:01 GMT" time="12.097" errors="0">
  <testcase name="validatemessangerLink" time="0.543" classname="ngScripts.messengerTest"/>
  <testcase name="validateUrl" time="2.359" classname="ngScripts.messengerTest"/>
  <testcase name="validatefeaturemenuAvailable" time="0.051" classname="ngScripts.messengerTest"/>
  <testcase name="validateprivacymenuAvailable" time="0.057" classname="ngScripts.messengerTest"/>
  <testcase name="validateRoomsmenuAvailable" time="0.05" classname="ngScripts.messengerTest"/>
  <testcase name="validateTtitle" time="0.011" classname="ngScripts.messengerTest"/>
</testsuite> <!-- Release 3.5 -->
