<?xml version="1.0" encoding="UTF-8"?>
<!-- Generated by org.testng.reporters.JUnitXMLReporter -->
<testsuite hostname="Razin-Anik" ignored="0" name="Default test" tests="6" failures="0" timestamp="09 Aug 2020 15:33:01 GMT" time="11.418" errors="0">
  <testcase name="validatemessangerLink" time="0.641" classname="ngScripts.messengerTest"/>
  <testcase name="validateUrl" time="2.251" classname="ngScripts.messengerTest"/>
  <testcase name="validateTtitle" time="0.01" classname="ngScripts.messengerTest"/>
  <testcase name="validatefeaturemenuAvailable" time="0.046" classname="ngScripts.messengerTest"/>
  <testcase name="validateprivacymenuAvailable" time="0.043" classname="ngScripts.messengerTest"/>
  <testcase name="validateRoomsmenuAvailable" time="0.042" classname="ngScripts.messengerTest"/>
</testsuite> <!-- Default test -->
