<?xml version="1.0" encoding="UTF-8"?>
<testng-results skipped="0" failed="0" total="1" passed="1">
  <reporter-output>
  </reporter-output>
  <suite name="Default suite" duration-ms="36" started-at="2020-07-05T16:32:44Z" finished-at="2020-07-05T16:32:44Z">
    <groups>
    </groups>
    <test name="Default test" duration-ms="36" started-at="2020-07-05T16:32:44Z" finished-at="2020-07-05T16:32:44Z">
      <class name="ngScripts.basicNg">
        <test-method status="PASS" signature="beforetest()[pri:0, instance:ngScripts.basicNg@15bb6bea]" name="beforetest" is-config="true" duration-ms="9" started-at="2020-07-05T12:32:44Z" finished-at="2020-07-05T12:32:44Z">
          <reporter-output>
          </reporter-output>
        </test-method> <!-- beforetest -->
        <test-method status="PASS" signature="atest()[pri:0, instance:ngScripts.basicNg@15bb6bea]" name="atest" duration-ms="11" started-at="2020-07-05T12:32:44Z" finished-at="2020-07-05T12:32:44Z">
          <reporter-output>
          </reporter-output>
        </test-method> <!-- atest -->
        <test-method status="PASS" signature="aftertest()[pri:0, instance:ngScripts.basicNg@15bb6bea]" name="aftertest" is-config="true" duration-ms="0" started-at="2020-07-05T12:32:44Z" finished-at="2020-07-05T12:32:44Z">
          <reporter-output>
          </reporter-output>
        </test-method> <!-- aftertest -->
      </class> <!-- ngScripts.basicNg -->
    </test> <!-- Default test -->
  </suite> <!-- Default suite -->
</testng-results>
